# JRE version: OpenJDK Runtime Environment (11.0.11+9) (build 11.0.11+9-b60-7590822)
# Java VM: OpenJDK 64-Bit Server VM (11.0.11+9-b60-7590822, mixed mode, tiered, compressed oops, g1 gc, windows-amd64)
Heap:
 garbage-first heap   total 114688K, used 50500K [0x0000000080000000, 0x0000000100000000)
  region size 1024K, 18 young (18432K), 7 survivors (7168K)
 Metaspace       used 44772K, capacity 45864K, committed 46108K, reserved 1089536K
  class space    used 5826K, capacity 6261K, committed 6272K, reserved 1048576K
GC Heap History (14 events):
Event: 2.490 GC heap before
{Heap before GC invocations=0 (full 0):
 garbage-first heap   total 114688K, used 29696K [0x0000000080000000, 0x0000000100000000)
  region size 1024K, 24 young (24576K), 0 survivors (0K)
 Metaspace       used 10320K, capacity 10589K, committed 10752K, reserved 1058816K
  class space    used 1081K, capacity 1171K, committed 1280K, reserved 1048576K
}
Event: 2.559 GC heap after
{Heap after GC invocations=1 (full 0):
 garbage-first heap   total 114688K, used 9575K [0x0000000080000000, 0x0000000100000000)
  region size 1024K, 3 young (3072K), 3 survivors (3072K)
 Metaspace       used 10320K, capacity 10589K, committed 10752K, reserved 1058816K
  class space    used 1081K, capacity 1171K, committed 1280K, reserved 1048576K
}
Event: 6.990 GC heap before
{Heap before GC invocations=1 (full 0):
 garbage-first heap   total 114688K, used 73063K [0x0000000080000000, 0x0000000100000000)
  region size 1024K, 65 young (66560K), 3 survivors (3072K)
 Metaspace       used 16623K, capacity 17074K, committed 17152K, reserved 1064960K
  class space    used 1914K, capacity 2036K, committed 2048K, reserved 1048576K
}
Event: 6.998 GC heap after
{Heap after GC invocations=2 (full 0):
 garbage-first heap   total 114688K, used 15604K [0x0000000080000000, 0x0000000100000000)
  region size 1024K, 9 young (9216K), 9 survivors (9216K)
 Metaspace       used 16623K, capacity 17074K, committed 17152K, reserved 1064960K
  class space    used 1914K, capacity 2036K, committed 2048K, reserved 1048576K
}
Event: 8.042 GC heap before
{Heap before GC invocations=2 (full 0):
 garbage-first heap   total 114688K, used 47348K [0x0000000080000000, 0x0000000100000000)
  region size 1024K, 41 young (41984K), 9 survivors (9216K)
 Metaspace       used 20685K, capacity 21186K, committed 21296K, reserved 1069056K
  class space    used 2533K, capacity 2676K, committed 2688K, reserved 1048576K
}
Event: 8.055 GC heap after
{Heap after GC invocations=3 (full 0):
 garbage-first heap   total 114688K, used 17084K [0x0000000080000000, 0x0000000100000000)
  region size 1024K, 2 young (2048K), 2 survivors (2048K)
 Metaspace       used 20685K, capacity 21186K, committed 21296K, reserved 1069056K
  class space    used 2533K, capacity 2676K, committed 2688K, reserved 1048576K
}
Event: 9.303 GC heap before
{Heap before GC invocations=4 (full 0):
 garbage-first heap   total 114688K, used 64188K [0x0000000080000000, 0x0000000100000000)
  region size 1024K, 48 young (49152K), 2 survivors (2048K)
 Metaspace       used 25636K, capacity 26339K, committed 26624K, reserved 1073152K
  class space    used 3326K, capacity 3548K, committed 3584K, reserved 1048576K
}
Event: 9.308 GC heap after
{Heap after GC invocations=5 (full 0):
 garbage-first heap   total 114688K, used 18821K [0x0000000080000000, 0x0000000100000000)
  region size 1024K, 4 young (4096K), 4 survivors (4096K)
 Metaspace       used 25636K, capacity 26339K, committed 26624K, reserved 1073152K
  class space    used 3326K, capacity 3548K, committed 3584K, reserved 1048576K
}
Event: 11.591 GC heap before
{Heap before GC invocations=5 (full 0):
 garbage-first heap   total 114688K, used 79237K [0x0000000080000000, 0x0000000100000000)
  region size 1024K, 54 young (55296K), 4 survivors (4096K)
 Metaspace       used 30512K, capacity 31379K, committed 31616K, reserved 1077248K
  class space    used 4095K, capacity 4398K, committed 4480K, reserved 1048576K
}
Event: 11.597 GC heap after
{Heap after GC invocations=6 (full 0):
 garbage-first heap   total 114688K, used 31592K [0x0000000080000000, 0x0000000100000000)
  region size 1024K, 7 young (7168K), 7 survivors (7168K)
 Metaspace       used 30512K, capacity 31379K, committed 31616K, reserved 1077248K
  class space    used 4095K, capacity 4398K, committed 4480K, reserved 1048576K
}
Event: 12.267 GC heap before
{Heap before GC invocations=6 (full 0):
 garbage-first heap   total 114688K, used 70504K [0x0000000080000000, 0x0000000100000000)
  region size 1024K, 47 young (48128K), 7 survivors (7168K)
 Metaspace       used 35020K, capacity 35964K, committed 35968K, reserved 1081344K
  class space    used 4598K, capacity 4989K, committed 4992K, reserved 1048576K
}
Event: 12.284 GC heap after
{Heap after GC invocations=7 (full 0):
 garbage-first heap   total 114688K, used 34552K [0x0000000080000000, 0x0000000100000000)
  region size 1024K, 7 young (7168K), 7 survivors (7168K)
 Metaspace       used 35020K, capacity 35964K, committed 35968K, reserved 1081344K
  class space    used 4598K, capacity 4989K, committed 4992K, reserved 1048576K
}
Event: 13.957 GC heap before
{Heap before GC invocations=8 (full 0):
 garbage-first heap   total 114688K, used 80632K [0x0000000080000000, 0x0000000100000000)
  region size 1024K, 52 young (53248K), 7 survivors (7168K)
 Metaspace       used 44042K, capacity 45136K, committed 45340K, reserved 1089536K
  class space    used 5739K, capacity 6148K, committed 6272K, reserved 1048576K
}
Event: 13.975 GC heap after
{Heap after GC invocations=9 (full 0):
 garbage-first heap   total 114688K, used 38212K [0x0000000080000000, 0x0000000100000000)
  region size 1024K, 7 young (7168K), 7 survivors (7168K)
 Metaspace       used 44042K, capacity 45136K, committed 45340K, reserved 1089536K
  class space    used 5739K, capacity 6148K, committed 6272K, reserved 1048576K
}

